[0916/145905.512:ERROR:simple_index_file.cc(302)] Could not create a directory to hold the index file
[0916/145905.780:INFO:CONSOLE(115)] "Event handler of 'x-storagemutated-1' event must be added on the initial evaluation of worker script.", source: https://static.whatsapp.net/rsrc.php/v4/ys/r/zGN0XNX_SHg.js (115)
[0916/145908.606:INFO:CONSOLE(0)] "Error with Permissions-Policy header: Feature xr-spatial-tracking's parameters are ignored.", source:  (0)
[0916/145908.606:INFO:CONSOLE(0)] "Error with Permissions-Policy header: Origin trial controlled feature not enabled: 'attribution-reporting'.", source:  (0)
[0916/145908.606:INFO:CONSOLE(0)] "Error with Permissions-Policy header: Unrecognized feature: 'compute-pressure'.", source:  (0)
[0916/145908.606:INFO:CONSOLE(0)] "Error with Permissions-Policy header: Origin trial controlled feature not enabled: 'interest-cohort'.", source:  (0)
[0916/145908.607:INFO:CONSOLE(0)] "Error with Permissions-Policy header: Unrecognized feature: 'private-state-token-issuance'.", source:  (0)
[0916/145908.607:INFO:CONSOLE(0)] "Error with Permissions-Policy header: Origin trial controlled feature not enabled: 'shared-storage'.", source:  (0)
[0916/145908.607:INFO:CONSOLE(0)] "Error with Permissions-Policy header: Unrecognized feature: 'shared-storage-select-url'.", source:  (0)
[0916/145908.607:INFO:CONSOLE(0)] "Error with Permissions-Policy header: Unrecognized feature: 'private-state-token-redemption'.", source:  (0)
[0916/145908.607:INFO:CONSOLE(0)] "Error with Permissions-Policy header: Unrecognized feature: 'unload'.", source:  (0)
[0916/145908.607:INFO:CONSOLE(0)] "Error with Permissions-Policy header: Unrecognized feature: 'window-management'.", source:  (0)
[0916/145908.607:INFO:CONSOLE(0)] "Document-Policy HTTP header: Unrecognized document policy feature name include-js-call-stacks-in-crash-reports.", source: https://web.whatsapp.com/ (0)
[0916/145910.681:ERROR:simple_index_file.cc(302)] Could not create a directory to hold the index file
[0916/145910.826:INFO:CONSOLE(115)] "Event handler of 'x-storagemutated-1' event must be added on the initial evaluation of worker script.", source: https://static.whatsapp.net/rsrc.php/v4/yF/r/EeJ-RmnesFb.js (115)
[0916/145930.795:ERROR:simple_index_file.cc(302)] Could not create a directory to hold the index file
[0916/150000.884:ERROR:simple_index_file.cc(302)] Could not create a directory to hold the index file
[0916/150030.929:ERROR:simple_index_file.cc(302)] Could not create a directory to hold the index file
[0916/150100.970:ERROR:simple_index_file.cc(302)] Could not create a directory to hold the index file
[0916/150131.025:ERROR:simple_index_file.cc(302)] Could not create a directory to hold the index file
[0916/150201.050:ERROR:simple_index_file.cc(302)] Could not create a directory to hold the index file
[0916/150231.101:ERROR:simple_index_file.cc(302)] Could not create a directory to hold the index file
[0916/150301.148:ERROR:simple_index_file.cc(302)] Could not create a directory to hold the index file
[0916/150331.190:ERROR:simple_index_file.cc(302)] Could not create a directory to hold the index file
[0916/150401.211:ERROR:simple_index_file.cc(302)] Could not create a directory to hold the index file
[0916/150410.044:INFO:CONSOLE(115)] "Event handler of 'x-storagemutated-1' event must be added on the initial evaluation of worker script.", source: https://static.whatsapp.net/rsrc.php/v4/yF/r/EeJ-RmnesFb.js (115)
[0916/150431.252:ERROR:simple_index_file.cc(302)] Could not create a directory to hold the index file
[0916/150501.298:ERROR:simple_index_file.cc(302)] Could not create a directory to hold the index file
[0916/150531.338:ERROR:simple_index_file.cc(302)] Could not create a directory to hold the index file
[0916/150601.381:ERROR:simple_index_file.cc(302)] Could not create a directory to hold the index file
[0916/150631.451:ERROR:simple_index_file.cc(302)] Could not create a directory to hold the index file
[0916/150701.509:ERROR:simple_index_file.cc(302)] Could not create a directory to hold the index file
[0916/150731.581:ERROR:simple_index_file.cc(302)] Could not create a directory to hold the index file
[0916/150801.645:ERROR:simple_index_file.cc(302)] Could not create a directory to hold the index file
[0916/150831.719:ERROR:simple_index_file.cc(302)] Could not create a directory to hold the index file
[0916/150901.765:ERROR:simple_index_file.cc(302)] Could not create a directory to hold the index file
[0916/150931.833:ERROR:simple_index_file.cc(302)] Could not create a directory to hold the index file
[0916/151001.876:ERROR:simple_index_file.cc(302)] Could not create a directory to hold the index file
[0916/151031.919:ERROR:simple_index_file.cc(302)] Could not create a directory to hold the index file
[0916/151101.962:ERROR:simple_index_file.cc(302)] Could not create a directory to hold the index file
[0916/151132.007:ERROR:simple_index_file.cc(302)] Could not create a directory to hold the index file
[0916/151202.045:ERROR:simple_index_file.cc(302)] Could not create a directory to hold the index file
[0916/151232.069:ERROR:simple_index_file.cc(302)] Could not create a directory to hold the index file
[0916/151302.110:ERROR:simple_index_file.cc(302)] Could not create a directory to hold the index file
[0916/151332.184:ERROR:simple_index_file.cc(302)] Could not create a directory to hold the index file
[0916/151402.252:ERROR:simple_index_file.cc(302)] Could not create a directory to hold the index file
[0916/151432.327:ERROR:simple_index_file.cc(302)] Could not create a directory to hold the index file
[0916/151502.379:ERROR:simple_index_file.cc(302)] Could not create a directory to hold the index file
[0916/151532.442:ERROR:simple_index_file.cc(302)] Could not create a directory to hold the index file
[0916/151602.500:ERROR:simple_index_file.cc(302)] Could not create a directory to hold the index file
[0916/151632.577:ERROR:simple_index_file.cc(302)] Could not create a directory to hold the index file
[0916/151702.631:ERROR:simple_index_file.cc(302)] Could not create a directory to hold the index file
[0916/151732.730:ERROR:simple_index_file.cc(302)] Could not create a directory to hold the index file
[0916/151802.804:ERROR:simple_index_file.cc(302)] Could not create a directory to hold the index file
[0916/151832.871:ERROR:simple_index_file.cc(302)] Could not create a directory to hold the index file
[0916/151902.928:ERROR:simple_index_file.cc(302)] Could not create a directory to hold the index file
[0916/151932.990:ERROR:simple_index_file.cc(302)] Could not create a directory to hold the index file
[0916/152003.041:ERROR:simple_index_file.cc(302)] Could not create a directory to hold the index file
[0916/152033.124:ERROR:simple_index_file.cc(302)] Could not create a directory to hold the index file
[0916/152103.173:ERROR:simple_index_file.cc(302)] Could not create a directory to hold the index file
[0916/152133.273:ERROR:simple_index_file.cc(302)] Could not create a directory to hold the index file
[0916/152203.360:ERROR:simple_index_file.cc(302)] Could not create a directory to hold the index file
[0916/152233.404:ERROR:simple_index_file.cc(302)] Could not create a directory to hold the index file
[0916/152303.435:ERROR:simple_index_file.cc(302)] Could not create a directory to hold the index file
[0916/152333.514:ERROR:simple_index_file.cc(302)] Could not create a directory to hold the index file
[0916/152403.588:ERROR:simple_index_file.cc(302)] Could not create a directory to hold the index file
[0916/152433.670:ERROR:simple_index_file.cc(302)] Could not create a directory to hold the index file
[0916/152503.737:ERROR:simple_index_file.cc(302)] Could not create a directory to hold the index file
[0916/152533.845:ERROR:simple_index_file.cc(302)] Could not create a directory to hold the index file
[0916/152603.876:ERROR:simple_index_file.cc(302)] Could not create a directory to hold the index file
[0916/152633.933:ERROR:simple_index_file.cc(302)] Could not create a directory to hold the index file
[0916/152704.032:ERROR:simple_index_file.cc(302)] Could not create a directory to hold the index file
[0916/152734.091:ERROR:simple_index_file.cc(302)] Could not create a directory to hold the index file
[0916/152804.157:ERROR:simple_index_file.cc(302)] Could not create a directory to hold the index file
[0916/152834.225:ERROR:simple_index_file.cc(302)] Could not create a directory to hold the index file
[0916/152904.259:ERROR:simple_index_file.cc(302)] Could not create a directory to hold the index file
[0916/152934.304:ERROR:simple_index_file.cc(302)] Could not create a directory to hold the index file
[0916/153004.334:ERROR:simple_index_file.cc(302)] Could not create a directory to hold the index file
[0916/153034.417:ERROR:simple_index_file.cc(302)] Could not create a directory to hold the index file
[0916/153104.486:ERROR:simple_index_file.cc(302)] Could not create a directory to hold the index file
[0916/153134.529:ERROR:simple_index_file.cc(302)] Could not create a directory to hold the index file
[0916/153204.570:ERROR:simple_index_file.cc(302)] Could not create a directory to hold the index file
[0916/153234.613:ERROR:simple_index_file.cc(302)] Could not create a directory to hold the index file
[0916/153304.634:ERROR:simple_index_file.cc(302)] Could not create a directory to hold the index file
[0916/153334.675:ERROR:simple_index_file.cc(302)] Could not create a directory to hold the index file
[0916/153404.713:ERROR:simple_index_file.cc(302)] Could not create a directory to hold the index file
[0916/153434.799:ERROR:simple_index_file.cc(302)] Could not create a directory to hold the index file
[0916/153504.854:ERROR:simple_index_file.cc(302)] Could not create a directory to hold the index file
[0916/153534.882:ERROR:simple_index_file.cc(302)] Could not create a directory to hold the index file
[0916/153604.974:ERROR:simple_index_file.cc(302)] Could not create a directory to hold the index file
[0916/153635.041:ERROR:simple_index_file.cc(302)] Could not create a directory to hold the index file
[0916/153705.142:ERROR:simple_index_file.cc(302)] Could not create a directory to hold the index file
[0916/153735.186:ERROR:simple_index_file.cc(302)] Could not create a directory to hold the index file
[0916/153805.284:ERROR:simple_index_file.cc(302)] Could not create a directory to hold the index file
[0916/153835.372:ERROR:simple_index_file.cc(302)] Could not create a directory to hold the index file
[0916/153905.434:ERROR:simple_index_file.cc(302)] Could not create a directory to hold the index file
[0916/153935.515:ERROR:simple_index_file.cc(302)] Could not create a directory to hold the index file
[0916/154005.606:ERROR:simple_index_file.cc(302)] Could not create a directory to hold the index file
[0916/154035.705:ERROR:simple_index_file.cc(302)] Could not create a directory to hold the index file
[0916/154105.768:ERROR:simple_index_file.cc(302)] Could not create a directory to hold the index file
[0916/154135.785:ERROR:simple_index_file.cc(302)] Could not create a directory to hold the index file
[0916/154205.844:ERROR:simple_index_file.cc(302)] Could not create a directory to hold the index file
[0916/154235.885:ERROR:simple_index_file.cc(302)] Could not create a directory to hold the index file
[0916/154305.926:ERROR:simple_index_file.cc(302)] Could not create a directory to hold the index file
[0916/154336.013:ERROR:simple_index_file.cc(302)] Could not create a directory to hold the index file
[0916/154406.120:ERROR:simple_index_file.cc(302)] Could not create a directory to hold the index file
[0916/154436.224:ERROR:simple_index_file.cc(302)] Could not create a directory to hold the index file
[0916/154506.303:ERROR:simple_index_file.cc(302)] Could not create a directory to hold the index file
[0916/154536.392:ERROR:simple_index_file.cc(302)] Could not create a directory to hold the index file
[0916/154606.446:ERROR:simple_index_file.cc(302)] Could not create a directory to hold the index file
[0916/154636.512:ERROR:simple_index_file.cc(302)] Could not create a directory to hold the index file
[0916/154706.575:ERROR:simple_index_file.cc(302)] Could not create a directory to hold the index file
[0916/154736.680:ERROR:simple_index_file.cc(302)] Could not create a directory to hold the index file
[0916/154806.777:ERROR:simple_index_file.cc(302)] Could not create a directory to hold the index file
[0916/154836.876:ERROR:simple_index_file.cc(302)] Could not create a directory to hold the index file
[0916/154906.957:ERROR:simple_index_file.cc(302)] Could not create a directory to hold the index file
[0916/154937.016:ERROR:simple_index_file.cc(302)] Could not create a directory to hold the index file
[0916/155007.116:ERROR:simple_index_file.cc(302)] Could not create a directory to hold the index file
[0916/155037.221:ERROR:simple_index_file.cc(302)] Could not create a directory to hold the index file
[0916/155107.335:ERROR:simple_index_file.cc(302)] Could not create a directory to hold the index file
[0916/155137.433:ERROR:simple_index_file.cc(302)] Could not create a directory to hold the index file
[0916/155207.522:ERROR:simple_index_file.cc(302)] Could not create a directory to hold the index file
[0916/155237.615:ERROR:simple_index_file.cc(302)] Could not create a directory to hold the index file
[0916/155307.715:ERROR:simple_index_file.cc(302)] Could not create a directory to hold the index file
[0916/155337.768:ERROR:simple_index_file.cc(302)] Could not create a directory to hold the index file
[0916/155407.805:ERROR:simple_index_file.cc(302)] Could not create a directory to hold the index file
[0916/155437.881:ERROR:simple_index_file.cc(302)] Could not create a directory to hold the index file
[0916/155507.943:ERROR:simple_index_file.cc(302)] Could not create a directory to hold the index file
[0916/155538.008:ERROR:simple_index_file.cc(302)] Could not create a directory to hold the index file
[0916/155607.867:ERROR:simple_index_file.cc(302)] Could not create a directory to hold the index file
